This is pdfTeX, Version 3.141592653-2.6-1.40.26 (TeX Live 2024) (preloaded format=pdflatex 2025.2.18)  3 MAR 2025 11:34
entering extended mode
 restricted \write18 enabled.
 file:line:error style messages enabled.
 %&-line parsing enabled.
**temp/report.tex
(./temp/report.tex
LaTeX2e <2024-11-01> patch level 2
L3 programming layer <2025-01-18>
(/usr/local/texlive/2024/texmf-dist/tex/latex/base/article.cls
Document Class: article 2024/06/29 v1.4n Standard LaTeX document class
(/usr/local/texlive/2024/texmf-dist/tex/latex/base/size10.clo
File: size10.clo 2024/06/29 v1.4n Standard LaTeX file (size option)
)
\c@part=\count196
\c@section=\count197
\c@subsection=\count198
\c@subsubsection=\count199
\c@paragraph=\count266
\c@subparagraph=\count267
\c@figure=\count268
\c@table=\count269
\abovecaptionskip=\skip49
\belowcaptionskip=\skip50
\bibindent=\dimen141
)
(/usr/local/texlive/2024/texmf-dist/tex/latex/graphics/graphicx.sty
Package: graphicx 2021/09/16 v1.2d Enhanced LaTeX Graphics (DPC,SPQR)

(/usr/local/texlive/2024/texmf-dist/tex/latex/graphics/keyval.sty
Package: keyval 2022/05/29 v1.15 key=value parser (DPC)
\KV@toks@=\toks17
)
(/usr/local/texlive/2024/texmf-dist/tex/latex/graphics/graphics.sty
Package: graphics 2024/08/06 v1.4g Standard LaTeX Graphics (DPC,SPQR)

(/usr/local/texlive/2024/texmf-dist/tex/latex/graphics/trig.sty
Package: trig 2023/12/02 v1.11 sin cos tan (DPC)
)
(/usr/local/texlive/2024/texmf-dist/tex/latex/graphics-cfg/graphics.cfg
File: graphics.cfg 2016/06/04 v1.11 sample graphics configuration
)
Package graphics Info: Driver file: pdftex.def on input line 106.

(/usr/local/texlive/2024/texmf-dist/tex/latex/graphics-def/pdftex.def
File: pdftex.def 2024/04/13 v1.2c Graphics/color driver for pdftex
))
\Gin@req@height=\dimen142
\Gin@req@width=\dimen143
)
(/usr/local/texlive/2024/texmf-dist/tex/latex/geometry/geometry.sty
Package: geometry 2020/01/02 v5.9 Page Geometry

(/usr/local/texlive/2024/texmf-dist/tex/generic/iftex/ifvtex.sty
Package: ifvtex 2019/10/25 v1.7 ifvtex legacy package. Use iftex instead.

(/usr/local/texlive/2024/texmf-dist/tex/generic/iftex/iftex.sty
Package: iftex 2024/12/12 v1.0g TeX engine tests
))
\Gm@cnth=\count270
\Gm@cntv=\count271
\c@Gm@tempcnt=\count272
\Gm@bindingoffset=\dimen144
\Gm@wd@mp=\dimen145
\Gm@odd@mp=\dimen146
\Gm@even@mp=\dimen147
\Gm@layoutwidth=\dimen148
\Gm@layoutheight=\dimen149
\Gm@layouthoffset=\dimen150
\Gm@layoutvoffset=\dimen151
\Gm@dimlist=\toks18
)
(/usr/local/texlive/2024/texmf-dist/tex/latex/fancyhdr/fancyhdr.sty
Package: fancyhdr 2025/02/07 v5.2 Extensive control of page headers and footers

\f@nch@headwidth=\skip51
\f@nch@offset@elh=\skip52
\f@nch@offset@erh=\skip53
\f@nch@offset@olh=\skip54
\f@nch@offset@orh=\skip55
\f@nch@offset@elf=\skip56
\f@nch@offset@erf=\skip57
\f@nch@offset@olf=\skip58
\f@nch@offset@orf=\skip59
\f@nch@height=\skip60
\f@nch@footalignment=\skip61
\f@nch@widthL=\skip62
\f@nch@widthC=\skip63
\f@nch@widthR=\skip64
\@temptokenb=\toks19
)
(/usr/local/texlive/2024/texmf-dist/tex/latex/roboto/roboto.sty
Package: roboto 2022/09/10 (Bob Tennent) Supports Roboto fonts for all LaTeX en
gines.

(/usr/local/texlive/2024/texmf-dist/tex/generic/iftex/ifxetex.sty
Package: ifxetex 2019/10/25 v0.7 ifxetex legacy package. Use iftex instead.
)
(/usr/local/texlive/2024/texmf-dist/tex/generic/iftex/ifluatex.sty
Package: ifluatex 2019/10/25 v1.5 ifluatex legacy package. Use iftex instead.
)
(/usr/local/texlive/2024/texmf-dist/tex/latex/xkeyval/xkeyval.sty
Package: xkeyval 2022/06/16 v2.9 package option processing (HA)

(/usr/local/texlive/2024/texmf-dist/tex/generic/xkeyval/xkeyval.tex
(/usr/local/texlive/2024/texmf-dist/tex/generic/xkeyval/xkvutils.tex
\XKV@toks=\toks20
\XKV@tempa@toks=\toks21
)
\XKV@depth=\count273
File: xkeyval.tex 2014/12/03 v2.7a key=value parser (HA)
))
(/usr/local/texlive/2024/texmf-dist/tex/latex/base/textcomp.sty
Package: textcomp 2024/04/24 v2.1b Standard LaTeX package
)
(/usr/local/texlive/2024/texmf-dist/tex/latex/base/fontenc.sty
Package: fontenc 2021/04/29 v2.0v Standard LaTeX package
)
(/usr/local/texlive/2024/texmf-dist/tex/latex/fontaxes/fontaxes.sty
Package: fontaxes 2020/07/21 v1.0e Font selection axes
LaTeX Info: Redefining \upshape on input line 29.
LaTeX Info: Redefining \itshape on input line 31.
LaTeX Info: Redefining \slshape on input line 33.
LaTeX Info: Redefining \swshape on input line 35.
LaTeX Info: Redefining \scshape on input line 37.
LaTeX Info: Redefining \sscshape on input line 39.
LaTeX Info: Redefining \ulcshape on input line 41.
LaTeX Info: Redefining \textsw on input line 47.
LaTeX Info: Redefining \textssc on input line 48.
LaTeX Info: Redefining \textulc on input line 49.
))
(/usr/local/texlive/2024/texmf-dist/tex/latex/titlesec/titlesec.sty
Package: titlesec 2025/01/04 v2.17 Sectioning titles
\ttl@box=\box52
\beforetitleunit=\skip65
\aftertitleunit=\skip66
\ttl@plus=\dimen152
\ttl@minus=\dimen153
\ttl@toksa=\toks22
\titlewidth=\dimen154
\titlewidthlast=\dimen155
\titlewidthfirst=\dimen156
)
(/usr/local/texlive/2024/texmf-dist/tex/latex/lastpage/lastpage.sty
Package: lastpage 2025/01/27 v2.1e lastpage: 2.09 or 2e? (HMM)

(/usr/local/texlive/2024/texmf-dist/tex/latex/lastpage/lastpage2e.sty
Package: lastpage2e 2025/01/27 v2.1e Decide which 2e lastpage version to use (H
MM)

(/usr/local/texlive/2024/texmf-dist/tex/latex/lastpage/lastpagemodern.sty
Package: lastpagemodern 2025-01-27 v2.1e Refers to last page's name (HMM; JPG)
\c@lastpagecount=\count274
) 
)) (/usr/local/texlive/2024/texmf-dist/tex/latex/hyperref/hyperref.sty
Package: hyperref 2024-11-05 v7.01l Hypertext links for LaTeX

(/usr/local/texlive/2024/texmf-dist/tex/latex/kvsetkeys/kvsetkeys.sty
Package: kvsetkeys 2022-10-05 v1.19 Key value parser (HO)
)
(/usr/local/texlive/2024/texmf-dist/tex/generic/kvdefinekeys/kvdefinekeys.sty
Package: kvdefinekeys 2019-12-19 v1.6 Define keys (HO)
)
(/usr/local/texlive/2024/texmf-dist/tex/generic/pdfescape/pdfescape.sty
Package: pdfescape 2019/12/09 v1.15 Implements pdfTeX's escape features (HO)

(/usr/local/texlive/2024/texmf-dist/tex/generic/ltxcmds/ltxcmds.sty
Package: ltxcmds 2023-12-04 v1.26 LaTeX kernel commands for general use (HO)
)
(/usr/local/texlive/2024/texmf-dist/tex/generic/pdftexcmds/pdftexcmds.sty
Package: pdftexcmds 2020-06-27 v0.33 Utility functions of pdfTeX for LuaTeX (HO
)

(/usr/local/texlive/2024/texmf-dist/tex/generic/infwarerr/infwarerr.sty
Package: infwarerr 2019/12/03 v1.5 Providing info/warning/error messages (HO)
)
Package pdftexcmds Info: \pdf@primitive is available.
Package pdftexcmds Info: \pdf@ifprimitive is available.
Package pdftexcmds Info: \pdfdraftmode found.
))
(/usr/local/texlive/2024/texmf-dist/tex/latex/hycolor/hycolor.sty
Package: hycolor 2020-01-27 v1.10 Color options for hyperref/bookmark (HO)
)
(/usr/local/texlive/2024/texmf-dist/tex/latex/hyperref/nameref.sty
Package: nameref 2023-11-26 v2.56 Cross-referencing by name of section

(/usr/local/texlive/2024/texmf-dist/tex/latex/refcount/refcount.sty
Package: refcount 2019/12/15 v3.6 Data extraction from label references (HO)
)
(/usr/local/texlive/2024/texmf-dist/tex/generic/gettitlestring/gettitlestring.s
ty
Package: gettitlestring 2019/12/15 v1.6 Cleanup title references (HO)
 (/usr/local/texlive/2024/texmf-dist/tex/latex/kvoptions/kvoptions.sty
Package: kvoptions 2022-06-15 v3.15 Key value format for package options (HO)
))
\c@section@level=\count275
)
(/usr/local/texlive/2024/texmf-dist/tex/latex/etoolbox/etoolbox.sty
Package: etoolbox 2025/02/11 v2.5l e-TeX tools for LaTeX (JAW)
\etb@tempcnta=\count276
)
(/usr/local/texlive/2024/texmf-dist/tex/generic/stringenc/stringenc.sty
Package: stringenc 2019/11/29 v1.12 Convert strings between diff. encodings (HO
)
)
\@linkdim=\dimen157
\Hy@linkcounter=\count277
\Hy@pagecounter=\count278

(/usr/local/texlive/2024/texmf-dist/tex/latex/hyperref/pd1enc.def
File: pd1enc.def 2024-11-05 v7.01l Hyperref: PDFDocEncoding definition (HO)
Now handling font encoding PD1 ...
... no UTF-8 mapping file for font encoding PD1
)
(/usr/local/texlive/2024/texmf-dist/tex/generic/intcalc/intcalc.sty
Package: intcalc 2019/12/15 v1.3 Expandable calculations with integers (HO)
)
\Hy@SavedSpaceFactor=\count279

(/usr/local/texlive/2024/texmf-dist/tex/latex/hyperref/puenc.def
File: puenc.def 2024-11-05 v7.01l Hyperref: PDF Unicode definition (HO)
Now handling font encoding PU ...
... no UTF-8 mapping file for font encoding PU
)
Package hyperref Info: Hyper figures OFF on input line 4157.
Package hyperref Info: Link nesting OFF on input line 4162.
Package hyperref Info: Hyper index ON on input line 4165.
Package hyperref Info: Plain pages OFF on input line 4172.
Package hyperref Info: Backreferencing OFF on input line 4177.
Package hyperref Info: Implicit mode ON; LaTeX internals redefined.
Package hyperref Info: Bookmarks ON on input line 4424.
\c@Hy@tempcnt=\count280

(/usr/local/texlive/2024/texmf-dist/tex/latex/url/url.sty
\Urlmuskip=\muskip17
Package: url 2013/09/16  ver 3.4  Verb mode for urls, etc.
)
LaTeX Info: Redefining \url on input line 4763.
\XeTeXLinkMargin=\dimen158

(/usr/local/texlive/2024/texmf-dist/tex/generic/bitset/bitset.sty
Package: bitset 2019/12/09 v1.3 Handle bit-vector datatype (HO)

(/usr/local/texlive/2024/texmf-dist/tex/generic/bigintcalc/bigintcalc.sty
Package: bigintcalc 2019/12/15 v1.5 Expandable calculations on big integers (HO
)
))
\Fld@menulength=\count281
\Field@Width=\dimen159
\Fld@charsize=\dimen160
Package hyperref Info: Hyper figures OFF on input line 6042.
Package hyperref Info: Link nesting OFF on input line 6047.
Package hyperref Info: Hyper index ON on input line 6050.
Package hyperref Info: backreferencing OFF on input line 6057.
Package hyperref Info: Link coloring OFF on input line 6062.
Package hyperref Info: Link coloring with OCG OFF on input line 6067.
Package hyperref Info: PDF/A mode OFF on input line 6072.

(/usr/local/texlive/2024/texmf-dist/tex/latex/base/atbegshi-ltx.sty
Package: atbegshi-ltx 2021/01/10 v1.0c Emulation of the original atbegshi
package with kernel methods
)
\Hy@abspage=\count282
\c@Item=\count283
\c@Hfootnote=\count284
)
Package hyperref Info: Driver (autodetected): hpdftex.

(/usr/local/texlive/2024/texmf-dist/tex/latex/hyperref/hpdftex.def
File: hpdftex.def 2024-11-05 v7.01l Hyperref driver for pdfTeX

(/usr/local/texlive/2024/texmf-dist/tex/latex/base/atveryend-ltx.sty
Package: atveryend-ltx 2020/08/19 v1.0a Emulation of the original atveryend pac
kage
with kernel methods
)
\Fld@listcount=\count285
\c@bookmark@seq@number=\count286

(/usr/local/texlive/2024/texmf-dist/tex/latex/rerunfilecheck/rerunfilecheck.sty
Package: rerunfilecheck 2022-07-10 v1.10 Rerun checks for auxiliary files (HO)

(/usr/local/texlive/2024/texmf-dist/tex/generic/uniquecounter/uniquecounter.sty
Package: uniquecounter 2019/12/15 v1.4 Provide unlimited unique counter (HO)
)
Package uniquecounter Info: New unique counter `rerunfilecheck' on input line 2
85.
)
\Hy@SectionHShift=\skip67
)

Package hyperref Warning: Option `bookmarks' has already been used,
(hyperref)                setting the option has no effect on input line 26.

Package hyperref Info: Option `bookmarksopen' set `true' on input line 26.
LaTeX Font Info:    Trying to load font information for OT1+Roboto-LF on input 
line 61.
(/usr/local/texlive/2024/texmf-dist/tex/latex/roboto/OT1Roboto-LF.fd
File: OT1Roboto-LF.fd 2019/12/11 (autoinst) Font definitions for OT1/Roboto-LF.

)
LaTeX Font Info:    Font shape `OT1/Roboto-LF/m/n' aliased to
(Font)              `OT1/Roboto-LF/regular/n' on input line 61.
LaTeX Font Info:    Font shape `OT1/Roboto-LF/regular/n' will be
(Font)              scaled to size 10.0pt on input line 61.

(/usr/local/texlive/2024/texmf-dist/tex/latex/l3backend/l3backend-pdftex.def
File: l3backend-pdftex.def 2024-05-08 L3 backend support: PDF output (pdfTeX)
\l__color_backend_stack_int=\count287
\l__pdf_internal_box=\box53
)
(reports/lime-kiln-overview.aux)
\openout1 = `lime-kiln-overview.aux'.

LaTeX Font Info:    Checking defaults for OML/cmm/m/it on input line 61.
LaTeX Font Info:    ... okay on input line 61.
LaTeX Font Info:    Checking defaults for OMS/cmsy/m/n on input line 61.
LaTeX Font Info:    ... okay on input line 61.
LaTeX Font Info:    Checking defaults for OT1/cmr/m/n on input line 61.
LaTeX Font Info:    ... okay on input line 61.
LaTeX Font Info:    Checking defaults for T1/cmr/m/n on input line 61.
LaTeX Font Info:    ... okay on input line 61.
LaTeX Font Info:    Checking defaults for TS1/cmr/m/n on input line 61.
LaTeX Font Info:    ... okay on input line 61.
LaTeX Font Info:    Checking defaults for OMX/cmex/m/n on input line 61.
LaTeX Font Info:    ... okay on input line 61.
LaTeX Font Info:    Checking defaults for U/cmr/m/n on input line 61.
LaTeX Font Info:    ... okay on input line 61.
LaTeX Font Info:    Checking defaults for PD1/pdf/m/n on input line 61.
LaTeX Font Info:    ... okay on input line 61.
LaTeX Font Info:    Checking defaults for PU/pdf/m/n on input line 61.
LaTeX Font Info:    ... okay on input line 61.

(/usr/local/texlive/2024/texmf-dist/tex/context/base/mkii/supp-pdf.mkii
[Loading MPS to PDF converter (version 2006.09.02).]
\scratchcounter=\count288
\scratchdimen=\dimen161
\scratchbox=\box54
\nofMPsegments=\count289
\nofMParguments=\count290
\everyMPshowfont=\toks23
\MPscratchCnt=\count291
\MPscratchDim=\dimen162
\MPnumerator=\count292
\makeMPintoPDFobject=\count293
\everyMPtoPDFconversion=\toks24
) (/usr/local/texlive/2024/texmf-dist/tex/latex/epstopdf-pkg/epstopdf-base.sty
Package: epstopdf-base 2020-01-24 v2.11 Base part for package epstopdf
Package epstopdf-base Info: Redefining graphics rule for `.eps' on input line 4
85.

(/usr/local/texlive/2024/texmf-dist/tex/latex/latexconfig/epstopdf-sys.cfg
File: epstopdf-sys.cfg 2010/07/13 v1.3 Configuration of (r)epstopdf for TeX Liv
e
))
*geometry* driver: auto-detecting
*geometry* detected driver: pdftex
*geometry* verbose mode - [ preamble ] result:
* driver: pdftex
* paper: a4paper
* layout: <same size as paper>
* layoutoffset:(h,v)=(0.0pt,0.0pt)
* modes: landscape 
* h-part:(L,W,R)=(36.135pt, 772.77686pt, 36.135pt)
* v-part:(T,H,B)=(65.04256pt, 474.64911pt, 57.81621pt)
* \paperwidth=845.04684pt
* \paperheight=597.50787pt
* \textwidth=772.77686pt
* \textheight=474.64911pt
* \oddsidemargin=-36.135pt
* \evensidemargin=-36.135pt
* \topmargin=-44.22743pt
* \headheight=12.0pt
* \headsep=25.0pt
* \topskip=10.0pt
* \footskip=30.0pt
* \marginparwidth=144.0pt
* \marginparsep=11.0pt
* \columnsep=10.0pt
* \skip\footins=9.0pt plus 4.0pt minus 2.0pt
* \hoffset=0.0pt
* \voffset=0.0pt
* \mag=1000
* \@twocolumnfalse
* \@twosidefalse
* \@mparswitchfalse
* \@reversemarginfalse
* (1in=72.27pt=25.4mm, 1cm=28.453pt)

\c@mv@tabular=\count294
\c@mv@boldtabular=\count295
Package hyperref Info: Link coloring OFF on input line 61.
(reports/lime-kiln-overview.out) (reports/lime-kiln-overview.out)
\@outlinefile=\write3
\openout3 = `lime-kiln-overview.out'.

LaTeX Font Info:    Font shape `OT1/Roboto-LF/m/n' aliased to
(Font)              `OT1/Roboto-LF/regular/n' on input line 65.
LaTeX Font Info:    Font shape `OT1/Roboto-LF/regular/n' will be
(Font)              scaled to size 14.4pt on input line 65.
LaTeX Font Info:    Font shape `OT1/Roboto-LF/b/n' aliased to
(Font)              `OT1/Roboto-LF/bold/n' on input line 65.
LaTeX Font Info:    Font shape `OT1/Roboto-LF/bold/n' will be
(Font)              scaled to size 14.4pt on input line 65.
<temp/images/panel_0001-0000.png, id=36, 642.4pt x 271.0125pt>
File: temp/images/panel_0001-0000.png Graphic file (type png)
<use temp/images/panel_0001-0000.png>
Package pdftex.def Info: temp/images/panel_0001-0000.png  used on input line 68
.
(pdftex.def)             Requested size: 239.9976pt x 101.99747pt.
<temp/images/panel_0001-0008.png, id=37, 642.4pt x 271.0125pt>
File: temp/images/panel_0001-0008.png Graphic file (type png)
<use temp/images/panel_0001-0008.png>
Package pdftex.def Info: temp/images/panel_0001-0008.png  used on input line 69
.
(pdftex.def)             Requested size: 239.9976pt x 101.99747pt.
<temp/images/panel_0001-0016.png, id=38, 642.4pt x 271.0125pt>
File: temp/images/panel_0001-0016.png Graphic file (type png)
<use temp/images/panel_0001-0016.png>
Package pdftex.def Info: temp/images/panel_0001-0016.png  used on input line 70
.
(pdftex.def)             Requested size: 239.9976pt x 101.99747pt.
<temp/images/panel_0007-0000.png, id=39, 1927.2pt x 180.675pt>
File: temp/images/panel_0007-0000.png Graphic file (type png)
<use temp/images/panel_0007-0000.png>
Package pdftex.def Info: temp/images/panel_0007-0000.png  used on input line 71
.
(pdftex.def)             Requested size: 719.99283pt x 67.9983pt.
<temp/images/panel_0011-0000.png, id=40, 401.5pt x 135.50626pt>
File: temp/images/panel_0011-0000.png Graphic file (type png)
<use temp/images/panel_0011-0000.png>
Package pdftex.def Info: temp/images/panel_0011-0000.png  used on input line 72
.
(pdftex.def)             Requested size: 150.00462pt x 50.99873pt.
<temp/images/panel_0011-0005.png, id=41, 722.7pt x 271.0125pt>
File: temp/images/panel_0011-0005.png Graphic file (type png)
<use temp/images/panel_0011-0005.png>
Package pdftex.def Info: temp/images/panel_0011-0005.png  used on input line 73
.
(pdftex.def)             Requested size: 269.9973pt x 101.99747pt.
<temp/images/panel_0011-0014.png, id=42, 401.5pt x 135.50626pt>
File: temp/images/panel_0011-0014.png Graphic file (type png)
<use temp/images/panel_0011-0014.png>
Package pdftex.def Info: temp/images/panel_0011-0014.png  used on input line 74
.
(pdftex.def)             Requested size: 150.00462pt x 50.99873pt.
<temp/images/panel_0011-0019.png, id=43, 240.9pt x 271.0125pt>
File: temp/images/panel_0011-0019.png Graphic file (type png)
<use temp/images/panel_0011-0019.png>
Package pdftex.def Info: temp/images/panel_0011-0019.png  used on input line 75
.
(pdftex.def)             Requested size: 89.99908pt x 101.99747pt.
<temp/images/panel_0011-0022.png, id=44, 160.6pt x 135.50626pt>
File: temp/images/panel_0011-0022.png Graphic file (type png)
<use temp/images/panel_0011-0022.png>
Package pdftex.def Info: temp/images/panel_0011-0022.png  used on input line 76
.
(pdftex.def)             Requested size: 59.99939pt x 50.99873pt.
<temp/images/panel_0014-0000.png, id=45, 160.6pt x 135.50626pt>
File: temp/images/panel_0014-0000.png Graphic file (type png)
<use temp/images/panel_0014-0000.png>
Package pdftex.def Info: temp/images/panel_0014-0000.png  used on input line 77
.
(pdftex.def)             Requested size: 59.99939pt x 50.99873pt.
<temp/images/panel_0014-0002.png, id=46, 240.9pt x 135.50626pt>
File: temp/images/panel_0014-0002.png Graphic file (type png)
<use temp/images/panel_0014-0002.png>
Package pdftex.def Info: temp/images/panel_0014-0002.png  used on input line 78
.
(pdftex.def)             Requested size: 89.99908pt x 50.99873pt.
<temp/images/panel_0014-0014.png, id=47, 401.5pt x 135.50626pt>
File: temp/images/panel_0014-0014.png Graphic file (type png)
<use temp/images/panel_0014-0014.png>
Package pdftex.def Info: temp/images/panel_0014-0014.png  used on input line 79
.
(pdftex.def)             Requested size: 150.00462pt x 50.99873pt.
<temp/images/panel_0014-0022.png, id=48, 160.6pt x 135.50626pt>
File: temp/images/panel_0014-0022.png Graphic file (type png)
<use temp/images/panel_0014-0022.png>
Package pdftex.def Info: temp/images/panel_0014-0022.png  used on input line 80
.
(pdftex.def)             Requested size: 59.99939pt x 50.99873pt.


LaTeX Font Info:    Font shape `OT1/Roboto-LF/m/n' aliased to
(Font)              `OT1/Roboto-LF/regular/n' on input line 83.
LaTeX Font Info:    Font shape `OT1/Roboto-LF/regular/n' will be
(Font)              scaled to size 20.74pt on input line 83.
LaTeX Font Info:    Font shape `OT1/Roboto-LF/b/n' aliased to
(Font)              `OT1/Roboto-LF/bold/n' on input line 83.
LaTeX Font Info:    Font shape `OT1/Roboto-LF/bold/n' will be
(Font)              scaled to size 20.74pt on input line 83.
LaTeX Font Info:    Font shape `OT1/Roboto-LF/b/n' aliased to
(Font)              `OT1/Roboto-LF/bold/n' on input line 83.
LaTeX Font Info:    Font shape `OT1/Roboto-LF/bold/n' will be
(Font)              scaled to size 10.0pt on input line 83.
LaTeX Font Info:    Font shape `OT1/Roboto-LF/m/n' aliased to
(Font)              `OT1/Roboto-LF/regular/n' on input line 83.
LaTeX Font Info:    Font shape `OT1/Roboto-LF/regular/n' will be
(Font)              scaled to size 9.0pt on input line 83.
LaTeX Font Info:    Trying to load font information for OMS+Roboto-LF on input 
line 83.
LaTeX Font Info:    No file OMSRoboto-LF.fd. on input line 83.

LaTeX Font Warning: Font shape `OMS/Roboto-LF/m/n' undefined
(Font)              using `OMS/cmsy/m/n' instead
(Font)              for symbol `textbar' on input line 83.


Package fancyhdr Warning: \headheight is too small (12.0pt): 
(fancyhdr)                Make it at least 32.84816pt, for example:
(fancyhdr)                \setlength{\headheight}{32.84816pt}.
(fancyhdr)                You might also make \topmargin smaller:
(fancyhdr)                \addtolength{\topmargin}{-20.84816pt}.

[1{/usr/local/texlive/2024/texmf-var/fonts/map/pdftex/updmap/pdftex.map}{/usr/l
ocal/texlive/2024/texmf-dist/fonts/enc/dvips/roboto/rbto_schjax.enc}

 <./temp/images/panel_0001-0000.png> <./temp/images/panel_0001-0008.png> <./tem
p/images/panel_0001-0016.png> <./temp/images/panel_0007-0000.png> <./temp/image
s/panel_0011-0000.png> <./temp/images/panel_0011-0005.png> <./temp/images/panel
_0011-0014.png> <./temp/images/panel_0011-0019.png> <./temp/images/panel_0011-0
022.png> <./temp/images/panel_0014-0000.png> <./temp/images/panel_0014-0002.png
> <./temp/images/panel_0014-0014.png> <./temp/images/panel_0014-0022.png>]
<temp/images/panel_0018-0000.png, id=59, 401.5pt x 135.50626pt>
File: temp/images/panel_0018-0000.png Graphic file (type png)
<use temp/images/panel_0018-0000.png>
Package pdftex.def Info: temp/images/panel_0018-0000.png  used on input line 89
.
(pdftex.def)             Requested size: 150.00462pt x 50.99873pt.
<temp/images/panel_0018-0005.png, id=60, 401.5pt x 135.50626pt>
File: temp/images/panel_0018-0005.png Graphic file (type png)
<use temp/images/panel_0018-0005.png>
Package pdftex.def Info: temp/images/panel_0018-0005.png  used on input line 90
.
(pdftex.def)             Requested size: 150.00462pt x 50.99873pt.
<temp/images/panel_0018-0010.png, id=61, 321.2pt x 180.675pt>
File: temp/images/panel_0018-0010.png Graphic file (type png)
<use temp/images/panel_0018-0010.png>
Package pdftex.def Info: temp/images/panel_0018-0010.png  used on input line 91
.
(pdftex.def)             Requested size: 119.9988pt x 67.9983pt.
<temp/images/panel_0018-0014.png, id=62, 401.5pt x 135.50626pt>
File: temp/images/panel_0018-0014.png Graphic file (type png)
<use temp/images/panel_0018-0014.png>
Package pdftex.def Info: temp/images/panel_0018-0014.png  used on input line 92
.
(pdftex.def)             Requested size: 150.00462pt x 50.99873pt.
<temp/images/panel_0018-0019.png, id=63, 401.5pt x 135.50626pt>
File: temp/images/panel_0018-0019.png Graphic file (type png)
<use temp/images/panel_0018-0019.png>
Package pdftex.def Info: temp/images/panel_0018-0019.png  used on input line 93
.
(pdftex.def)             Requested size: 150.00462pt x 50.99873pt.
<temp/images/panel_0021-0000.png, id=64, 401.5pt x 587.19376pt>
File: temp/images/panel_0021-0000.png Graphic file (type png)
<use temp/images/panel_0021-0000.png>
Package pdftex.def Info: temp/images/panel_0021-0000.png  used on input line 94
.
(pdftex.def)             Requested size: 150.00462pt x 220.99454pt.
<temp/images/panel_0021-0005.png, id=65, 401.5pt x 587.19376pt>
File: temp/images/panel_0021-0005.png Graphic file (type png)
<use temp/images/panel_0021-0005.png>
Package pdftex.def Info: temp/images/panel_0021-0005.png  used on input line 95
.
(pdftex.def)             Requested size: 150.00462pt x 220.99454pt.
<temp/images/panel_0021-0014.png, id=66, 401.5pt x 587.19376pt>
File: temp/images/panel_0021-0014.png Graphic file (type png)
<use temp/images/panel_0021-0014.png>
Package pdftex.def Info: temp/images/panel_0021-0014.png  used on input line 96
.
(pdftex.def)             Requested size: 150.00462pt x 220.99454pt.
<temp/images/panel_0021-0019.png, id=67, 401.5pt x 587.19376pt>
File: temp/images/panel_0021-0019.png Graphic file (type png)
<use temp/images/panel_0021-0019.png>
Package pdftex.def Info: temp/images/panel_0021-0019.png  used on input line 97
.
(pdftex.def)             Requested size: 150.00462pt x 220.99454pt.
<temp/images/panel_0022-0010.png, id=68, 321.2pt x 180.675pt>
File: temp/images/panel_0022-0010.png Graphic file (type png)
<use temp/images/panel_0022-0010.png>
Package pdftex.def Info: temp/images/panel_0022-0010.png  used on input line 98
.
(pdftex.def)             Requested size: 119.9988pt x 67.9983pt.
<temp/images/panel_0026-0010.png, id=69, 321.2pt x 180.675pt>
File: temp/images/panel_0026-0010.png Graphic file (type png)
<use temp/images/panel_0026-0010.png>
Package pdftex.def Info: temp/images/panel_0026-0010.png  used on input line 99
.
(pdftex.def)             Requested size: 119.9988pt x 67.9983pt.
<temp/images/panel_0030-0010.png, id=70, 321.2pt x 180.675pt>
File: temp/images/panel_0030-0010.png Graphic file (type png)
<use temp/images/panel_0030-0010.png>
Package pdftex.def Info: temp/images/panel_0030-0010.png  used on input line 10
0.
(pdftex.def)             Requested size: 119.9988pt x 67.9983pt.



Package fancyhdr Warning: \headheight is too small (12.0pt): 
(fancyhdr)                Make it at least 32.84816pt, for example:
(fancyhdr)                \setlength{\headheight}{32.84816pt}.
(fancyhdr)                You might also make \topmargin smaller:
(fancyhdr)                \addtolength{\topmargin}{-20.84816pt}.

[2 <./temp/images/panel_0018-0000.png> <./temp/images/panel_0018-0005.png> <./t
emp/images/panel_0018-0010.png> <./temp/images/panel_0018-0014.png> <./temp/ima
ges/panel_0018-0019.png> <./temp/images/panel_0021-0000.png> <./temp/images/pan
el_0021-0005.png> <./temp/images/panel_0021-0014.png> <./temp/images/panel_0021
-0019.png> <./temp/images/panel_0022-0010.png> <./temp/images/panel_0026-0010.p
ng> <./temp/images/panel_0030-0010.png>]
<temp/images/panel_0035-0000.png, id=76, 1927.2pt x 135.50626pt>
File: temp/images/panel_0035-0000.png Graphic file (type png)
<use temp/images/panel_0035-0000.png>
Package pdftex.def Info: temp/images/panel_0035-0000.png  used on input line 10
9.
(pdftex.def)             Requested size: 719.99283pt x 50.99873pt.
<temp/images/panel_0038-0000.png, id=77, 1927.2pt x 451.6875pt>
File: temp/images/panel_0038-0000.png Graphic file (type png)
<use temp/images/panel_0038-0000.png>
Package pdftex.def Info: temp/images/panel_0038-0000.png  used on input line 11
0.
(pdftex.def)             Requested size: 719.99283pt x 170.00269pt.
<temp/images/panel_0048-0000.png, id=78, 1927.2pt x 271.0125pt>
File: temp/images/panel_0048-0000.png Graphic file (type png)
<use temp/images/panel_0048-0000.png>
Package pdftex.def Info: temp/images/panel_0048-0000.png  used on input line 11
1.
(pdftex.def)             Requested size: 719.99283pt x 101.99747pt.



Package fancyhdr Warning: \headheight is too small (12.0pt): 
(fancyhdr)                Make it at least 32.84816pt, for example:
(fancyhdr)                \setlength{\headheight}{32.84816pt}.
(fancyhdr)                You might also make \topmargin smaller:
(fancyhdr)                \addtolength{\topmargin}{-20.84816pt}.

[3 <./temp/images/panel_0035-0000.png> <./temp/images/panel_0038-0000.png> <./t
emp/images/panel_0048-0000.png>]
<temp/images/panel_0055-0000.png, id=84, 1927.2pt x 587.19376pt>
File: temp/images/panel_0055-0000.png Graphic file (type png)
<use temp/images/panel_0055-0000.png>
Package pdftex.def Info: temp/images/panel_0055-0000.png  used on input line 12
0.
(pdftex.def)             Requested size: 719.99283pt x 220.99454pt.
<temp/images/panel_0068-0000.png, id=85, 562.1pt x 180.675pt>
File: temp/images/panel_0068-0000.png Graphic file (type png)
<use temp/images/panel_0068-0000.png>
Package pdftex.def Info: temp/images/panel_0068-0000.png  used on input line 12
1.
(pdftex.def)             Requested size: 209.9979pt x 67.9983pt.
<temp/images/panel_0068-0007.png, id=86, 401.5pt x 180.675pt>
File: temp/images/panel_0068-0007.png Graphic file (type png)
<use temp/images/panel_0068-0007.png>
Package pdftex.def Info: temp/images/panel_0068-0007.png  used on input line 12
2.
(pdftex.def)             Requested size: 150.00462pt x 67.9983pt.
<temp/images/panel_0068-0012.png, id=87, 401.5pt x 180.675pt>
File: temp/images/panel_0068-0012.png Graphic file (type png)
<use temp/images/panel_0068-0012.png>
Package pdftex.def Info: temp/images/panel_0068-0012.png  used on input line 12
3.
(pdftex.def)             Requested size: 150.00462pt x 67.9983pt.
<temp/images/panel_0068-0017.png, id=88, 562.1pt x 180.675pt>
File: temp/images/panel_0068-0017.png Graphic file (type png)
<use temp/images/panel_0068-0017.png>
Package pdftex.def Info: temp/images/panel_0068-0017.png  used on input line 12
4.
(pdftex.def)             Requested size: 209.9979pt x 67.9983pt.
<temp/images/panel_0072-0000.png, id=89, 1284.8pt x 406.51875pt>
File: temp/images/panel_0072-0000.png Graphic file (type png)
<use temp/images/panel_0072-0000.png>
Package pdftex.def Info: temp/images/panel_0072-0000.png  used on input line 12
5.
(pdftex.def)             Requested size: 479.99521pt x 152.99622pt.
<temp/images/panel_0072-0016.png, id=90, 642.4pt x 180.675pt>
File: temp/images/panel_0072-0016.png Graphic file (type png)
<use temp/images/panel_0072-0016.png>
Package pdftex.def Info: temp/images/panel_0072-0016.png  used on input line 12
6.
(pdftex.def)             Requested size: 239.9976pt x 67.9983pt.
<temp/images/panel_0076-0016.png, id=91, 642.4pt x 225.84375pt>
File: temp/images/panel_0076-0016.png Graphic file (type png)
<use temp/images/panel_0076-0016.png>
Package pdftex.def Info: temp/images/panel_0076-0016.png  used on input line 12
7.
(pdftex.def)             Requested size: 239.9976pt x 85.00134pt.



Package fancyhdr Warning: \headheight is too small (12.0pt): 
(fancyhdr)                Make it at least 32.84816pt, for example:
(fancyhdr)                \setlength{\headheight}{32.84816pt}.
(fancyhdr)                You might also make \topmargin smaller:
(fancyhdr)                \addtolength{\topmargin}{-20.84816pt}.

[4 <./temp/images/panel_0055-0000.png> <./temp/images/panel_0068-0000.png> <./t
emp/images/panel_0068-0007.png> <./temp/images/panel_0068-0012.png> <./temp/ima
ges/panel_0068-0017.png> <./temp/images/panel_0072-0000.png> <./temp/images/pan
el_0072-0016.png> <./temp/images/panel_0076-0016.png>]
<temp/images/panel_0082-0000.png, id=97, 1284.8pt x 361.35pt>
File: temp/images/panel_0082-0000.png Graphic file (type png)
<use temp/images/panel_0082-0000.png>
Package pdftex.def Info: temp/images/panel_0082-0000.png  used on input line 13
6.
(pdftex.def)             Requested size: 479.99521pt x 135.99664pt.
<temp/images/panel_0082-0016.png, id=98, 642.4pt x 135.50626pt>
File: temp/images/panel_0082-0016.png Graphic file (type png)
<use temp/images/panel_0082-0016.png>
Package pdftex.def Info: temp/images/panel_0082-0016.png  used on input line 13
7.
(pdftex.def)             Requested size: 239.9976pt x 50.99873pt.
<temp/images/panel_0085-0016.png, id=99, 642.4pt x 225.84375pt>
File: temp/images/panel_0085-0016.png Graphic file (type png)
<use temp/images/panel_0085-0016.png>
Package pdftex.def Info: temp/images/panel_0085-0016.png  used on input line 13
8.
(pdftex.def)             Requested size: 239.9976pt x 85.00134pt.
<temp/images/panel_0090-0000.png, id=100, 1284.8pt x 361.35pt>
File: temp/images/panel_0090-0000.png Graphic file (type png)
<use temp/images/panel_0090-0000.png>
Package pdftex.def Info: temp/images/panel_0090-0000.png  used on input line 13
9.
(pdftex.def)             Requested size: 479.99521pt x 135.99664pt.
<temp/images/panel_0090-0016.png, id=101, 642.4pt x 135.50626pt>
File: temp/images/panel_0090-0016.png Graphic file (type png)
<use temp/images/panel_0090-0016.png>
Package pdftex.def Info: temp/images/panel_0090-0016.png  used on input line 14
0.
(pdftex.def)             Requested size: 239.9976pt x 50.99873pt.
<temp/images/panel_0093-0016.png, id=102, 642.4pt x 225.84375pt>
File: temp/images/panel_0093-0016.png Graphic file (type png)
<use temp/images/panel_0093-0016.png>
Package pdftex.def Info: temp/images/panel_0093-0016.png  used on input line 14
1.
(pdftex.def)             Requested size: 239.9976pt x 85.00134pt.
<temp/images/panel_0098-0000.png, id=103, 1284.8pt x 361.35pt>
File: temp/images/panel_0098-0000.png Graphic file (type png)
<use temp/images/panel_0098-0000.png>
Package pdftex.def Info: temp/images/panel_0098-0000.png  used on input line 14
2.
(pdftex.def)             Requested size: 479.99521pt x 135.99664pt.
<temp/images/panel_0098-0016.png, id=104, 642.4pt x 135.50626pt>
File: temp/images/panel_0098-0016.png Graphic file (type png)
<use temp/images/panel_0098-0016.png>
Package pdftex.def Info: temp/images/panel_0098-0016.png  used on input line 14
3.
(pdftex.def)             Requested size: 239.9976pt x 50.99873pt.
<temp/images/panel_0101-0016.png, id=105, 642.4pt x 225.84375pt>
File: temp/images/panel_0101-0016.png Graphic file (type png)
<use temp/images/panel_0101-0016.png>
Package pdftex.def Info: temp/images/panel_0101-0016.png  used on input line 14
4.
(pdftex.def)             Requested size: 239.9976pt x 85.00134pt.



Package fancyhdr Warning: \headheight is too small (12.0pt): 
(fancyhdr)                Make it at least 32.84816pt, for example:
(fancyhdr)                \setlength{\headheight}{32.84816pt}.
(fancyhdr)                You might also make \topmargin smaller:
(fancyhdr)                \addtolength{\topmargin}{-20.84816pt}.

[5 <./temp/images/panel_0082-0000.png> <./temp/images/panel_0082-0016.png> <./t
emp/images/panel_0085-0016.png> <./temp/images/panel_0090-0000.png> <./temp/ima
ges/panel_0090-0016.png> <./temp/images/panel_0093-0016.png> <./temp/images/pan
el_0098-0000.png> <./temp/images/panel_0098-0016.png> <./temp/images/panel_0101
-0016.png>]
<temp/images/panel_0107-0000.png, id=111, 1284.8pt x 361.35pt>
File: temp/images/panel_0107-0000.png Graphic file (type png)
<use temp/images/panel_0107-0000.png>
Package pdftex.def Info: temp/images/panel_0107-0000.png  used on input line 15
3.
(pdftex.def)             Requested size: 479.99521pt x 135.99664pt.
<temp/images/panel_0107-0016.png, id=112, 642.4pt x 135.50626pt>
File: temp/images/panel_0107-0016.png Graphic file (type png)
<use temp/images/panel_0107-0016.png>
Package pdftex.def Info: temp/images/panel_0107-0016.png  used on input line 15
4.
(pdftex.def)             Requested size: 239.9976pt x 50.99873pt.
<temp/images/panel_0110-0016.png, id=113, 642.4pt x 225.84375pt>
File: temp/images/panel_0110-0016.png Graphic file (type png)
<use temp/images/panel_0110-0016.png>
Package pdftex.def Info: temp/images/panel_0110-0016.png  used on input line 15
5.
(pdftex.def)             Requested size: 239.9976pt x 85.00134pt.
<temp/images/panel_0115-0000.png, id=114, 1284.8pt x 361.35pt>
File: temp/images/panel_0115-0000.png Graphic file (type png)
<use temp/images/panel_0115-0000.png>
Package pdftex.def Info: temp/images/panel_0115-0000.png  used on input line 15
6.
(pdftex.def)             Requested size: 479.99521pt x 135.99664pt.
<temp/images/panel_0115-0016.png, id=115, 642.4pt x 135.50626pt>
File: temp/images/panel_0115-0016.png Graphic file (type png)
<use temp/images/panel_0115-0016.png>
Package pdftex.def Info: temp/images/panel_0115-0016.png  used on input line 15
7.
(pdftex.def)             Requested size: 239.9976pt x 50.99873pt.
<temp/images/panel_0118-0016.png, id=116, 642.4pt x 225.84375pt>
File: temp/images/panel_0118-0016.png Graphic file (type png)
<use temp/images/panel_0118-0016.png>
Package pdftex.def Info: temp/images/panel_0118-0016.png  used on input line 15
8.
(pdftex.def)             Requested size: 239.9976pt x 85.00134pt.
<temp/images/panel_0123-0000.png, id=117, 1284.8pt x 406.51875pt>
File: temp/images/panel_0123-0000.png Graphic file (type png)
<use temp/images/panel_0123-0000.png>
Package pdftex.def Info: temp/images/panel_0123-0000.png  used on input line 15
9.
(pdftex.def)             Requested size: 479.99521pt x 152.99622pt.
<temp/images/panel_0123-0016.png, id=118, 642.4pt x 406.51875pt>
File: temp/images/panel_0123-0016.png Graphic file (type png)
<use temp/images/panel_0123-0016.png>
Package pdftex.def Info: temp/images/panel_0123-0016.png  used on input line 16
0.
(pdftex.def)             Requested size: 239.9976pt x 152.99622pt.



Package fancyhdr Warning: \headheight is too small (12.0pt): 
(fancyhdr)                Make it at least 32.84816pt, for example:
(fancyhdr)                \setlength{\headheight}{32.84816pt}.
(fancyhdr)                You might also make \topmargin smaller:
(fancyhdr)                \addtolength{\topmargin}{-20.84816pt}.

[6 <./temp/images/panel_0107-0000.png> <./temp/images/panel_0107-0016.png> <./t
emp/images/panel_0110-0016.png> <./temp/images/panel_0115-0000.png> <./temp/ima
ges/panel_0115-0016.png> <./temp/images/panel_0118-0016.png> <./temp/images/pan
el_0123-0000.png> <./temp/images/panel_0123-0016.png>]
<temp/images/panel_0132-0000.png, id=124, 1284.8pt x 361.35pt>
File: temp/images/panel_0132-0000.png Graphic file (type png)
<use temp/images/panel_0132-0000.png>
Package pdftex.def Info: temp/images/panel_0132-0000.png  used on input line 16
6.
(pdftex.def)             Requested size: 479.99521pt x 135.99664pt.
<temp/images/panel_0132-0016.png, id=125, 642.4pt x 135.50626pt>
File: temp/images/panel_0132-0016.png Graphic file (type png)
<use temp/images/panel_0132-0016.png>
Package pdftex.def Info: temp/images/panel_0132-0016.png  used on input line 16
7.
(pdftex.def)             Requested size: 239.9976pt x 50.99873pt.
<temp/images/panel_0135-0016.png, id=126, 642.4pt x 225.84375pt>
File: temp/images/panel_0135-0016.png Graphic file (type png)
<use temp/images/panel_0135-0016.png>
Package pdftex.def Info: temp/images/panel_0135-0016.png  used on input line 16
8.
(pdftex.def)             Requested size: 239.9976pt x 85.00134pt.



Package fancyhdr Warning: \headheight is too small (12.0pt): 
(fancyhdr)                Make it at least 32.84816pt, for example:
(fancyhdr)                \setlength{\headheight}{32.84816pt}.
(fancyhdr)                You might also make \topmargin smaller:
(fancyhdr)                \addtolength{\topmargin}{-20.84816pt}.

[7 <./temp/images/panel_0132-0000.png> <./temp/images/panel_0132-0016.png> <./t
emp/images/panel_0135-0016.png>]
<temp/images/panel_0141-0000.png, id=133, 1284.8pt x 361.35pt>
File: temp/images/panel_0141-0000.png Graphic file (type png)
<use temp/images/panel_0141-0000.png>
Package pdftex.def Info: temp/images/panel_0141-0000.png  used on input line 17
7.
(pdftex.def)             Requested size: 479.99521pt x 135.99664pt.
<temp/images/panel_0141-0016.png, id=134, 642.4pt x 135.50626pt>
File: temp/images/panel_0141-0016.png Graphic file (type png)
<use temp/images/panel_0141-0016.png>
Package pdftex.def Info: temp/images/panel_0141-0016.png  used on input line 17
8.
(pdftex.def)             Requested size: 239.9976pt x 50.99873pt.
<temp/images/panel_0144-0016.png, id=135, 642.4pt x 225.84375pt>
File: temp/images/panel_0144-0016.png Graphic file (type png)
<use temp/images/panel_0144-0016.png>
Package pdftex.def Info: temp/images/panel_0144-0016.png  used on input line 17
9.
(pdftex.def)             Requested size: 239.9976pt x 85.00134pt.
<temp/images/panel_0149-0000.png, id=136, 1284.8pt x 361.35pt>
File: temp/images/panel_0149-0000.png Graphic file (type png)
<use temp/images/panel_0149-0000.png>
Package pdftex.def Info: temp/images/panel_0149-0000.png  used on input line 18
0.
(pdftex.def)             Requested size: 479.99521pt x 135.99664pt.
<temp/images/panel_0149-0016.png, id=137, 642.4pt x 135.50626pt>
File: temp/images/panel_0149-0016.png Graphic file (type png)
<use temp/images/panel_0149-0016.png>
Package pdftex.def Info: temp/images/panel_0149-0016.png  used on input line 18
1.
(pdftex.def)             Requested size: 239.9976pt x 50.99873pt.
<temp/images/panel_0152-0016.png, id=138, 642.4pt x 225.84375pt>
File: temp/images/panel_0152-0016.png Graphic file (type png)
<use temp/images/panel_0152-0016.png>
Package pdftex.def Info: temp/images/panel_0152-0016.png  used on input line 18
2.
(pdftex.def)             Requested size: 239.9976pt x 85.00134pt.
<temp/images/panel_0157-0000.png, id=139, 1284.8pt x 361.35pt>
File: temp/images/panel_0157-0000.png Graphic file (type png)
<use temp/images/panel_0157-0000.png>
Package pdftex.def Info: temp/images/panel_0157-0000.png  used on input line 18
3.
(pdftex.def)             Requested size: 479.99521pt x 135.99664pt.
<temp/images/panel_0157-0016.png, id=140, 642.4pt x 361.35pt>
File: temp/images/panel_0157-0016.png Graphic file (type png)
<use temp/images/panel_0157-0016.png>
Package pdftex.def Info: temp/images/panel_0157-0016.png  used on input line 18
4.
(pdftex.def)             Requested size: 239.9976pt x 135.99664pt.



Package fancyhdr Warning: \headheight is too small (12.0pt): 
(fancyhdr)                Make it at least 32.84816pt, for example:
(fancyhdr)                \setlength{\headheight}{32.84816pt}.
(fancyhdr)                You might also make \topmargin smaller:
(fancyhdr)                \addtolength{\topmargin}{-20.84816pt}.

[8 <./temp/images/panel_0141-0000.png> <./temp/images/panel_0141-0016.png> <./t
emp/images/panel_0144-0016.png> <./temp/images/panel_0149-0000.png> <./temp/ima
ges/panel_0149-0016.png> <./temp/images/panel_0152-0016.png> <./temp/images/pan
el_0157-0000.png> <./temp/images/panel_0157-0016.png>]
<temp/images/panel_0165-0000.png, id=146, 1284.8pt x 496.85625pt>
File: temp/images/panel_0165-0000.png Graphic file (type png)
<use temp/images/panel_0165-0000.png>
Package pdftex.def Info: temp/images/panel_0165-0000.png  used on input line 19
0.
(pdftex.def)             Requested size: 479.99521pt x 187.00296pt.
<temp/images/panel_0165-0016.png, id=147, 642.4pt x 135.50626pt>
File: temp/images/panel_0165-0016.png Graphic file (type png)
<use temp/images/panel_0165-0016.png>
Package pdftex.def Info: temp/images/panel_0165-0016.png  used on input line 19
1.
(pdftex.def)             Requested size: 239.9976pt x 50.99873pt.
<temp/images/panel_0168-0016.png, id=148, 642.4pt x 361.35pt>
File: temp/images/panel_0168-0016.png Graphic file (type png)
<use temp/images/panel_0168-0016.png>
Package pdftex.def Info: temp/images/panel_0168-0016.png  used on input line 19
2.
(pdftex.def)             Requested size: 239.9976pt x 135.99664pt.



Package fancyhdr Warning: \headheight is too small (12.0pt): 
(fancyhdr)                Make it at least 32.84816pt, for example:
(fancyhdr)                \setlength{\headheight}{32.84816pt}.
(fancyhdr)                You might also make \topmargin smaller:
(fancyhdr)                \addtolength{\topmargin}{-20.84816pt}.

[9 <./temp/images/panel_0165-0000.png> <./temp/images/panel_0165-0016.png> <./t
emp/images/panel_0168-0016.png>]
<temp/images/panel_0177-0000.png, id=154, 1284.8pt x 542.025pt>
File: temp/images/panel_0177-0000.png Graphic file (type png)
<use temp/images/panel_0177-0000.png>
Package pdftex.def Info: temp/images/panel_0177-0000.png  used on input line 20
1.
(pdftex.def)             Requested size: 479.99521pt x 203.99495pt.
<temp/images/panel_0177-0016.png, id=155, 321.2pt x 271.0125pt>
File: temp/images/panel_0177-0016.png Graphic file (type png)
<use temp/images/panel_0177-0016.png>
Package pdftex.def Info: temp/images/panel_0177-0016.png  used on input line 20
2.
(pdftex.def)             Requested size: 119.9988pt x 101.99747pt.
<temp/images/panel_0177-0020.png, id=156, 321.2pt x 271.0125pt>
File: temp/images/panel_0177-0020.png Graphic file (type png)
<use temp/images/panel_0177-0020.png>
Package pdftex.def Info: temp/images/panel_0177-0020.png  used on input line 20
3.
(pdftex.def)             Requested size: 119.9988pt x 101.99747pt.
<temp/images/panel_0183-0016.png, id=157, 642.4pt x 271.0125pt>
File: temp/images/panel_0183-0016.png Graphic file (type png)
<use temp/images/panel_0183-0016.png>
Package pdftex.def Info: temp/images/panel_0183-0016.png  used on input line 20
4.
(pdftex.def)             Requested size: 239.9976pt x 101.99747pt.
<temp/images/panel_0189-0000.png, id=158, 1284.8pt x 542.025pt>
File: temp/images/panel_0189-0000.png Graphic file (type png)
<use temp/images/panel_0189-0000.png>
Package pdftex.def Info: temp/images/panel_0189-0000.png  used on input line 20
5.
(pdftex.def)             Requested size: 479.99521pt x 203.99495pt.
<temp/images/panel_0189-0016.png, id=159, 321.2pt x 271.0125pt>
File: temp/images/panel_0189-0016.png Graphic file (type png)
<use temp/images/panel_0189-0016.png>
Package pdftex.def Info: temp/images/panel_0189-0016.png  used on input line 20
6.
(pdftex.def)             Requested size: 119.9988pt x 101.99747pt.
<temp/images/panel_0189-0020.png, id=160, 321.2pt x 271.0125pt>
File: temp/images/panel_0189-0020.png Graphic file (type png)
<use temp/images/panel_0189-0020.png>
Package pdftex.def Info: temp/images/panel_0189-0020.png  used on input line 20
7.
(pdftex.def)             Requested size: 119.9988pt x 101.99747pt.
<temp/images/panel_0195-0016.png, id=161, 642.4pt x 271.0125pt>
File: temp/images/panel_0195-0016.png Graphic file (type png)
<use temp/images/panel_0195-0016.png>
Package pdftex.def Info: temp/images/panel_0195-0016.png  used on input line 20
8.
(pdftex.def)             Requested size: 239.9976pt x 101.99747pt.



Package fancyhdr Warning: \headheight is too small (12.0pt): 
(fancyhdr)                Make it at least 32.84816pt, for example:
(fancyhdr)                \setlength{\headheight}{32.84816pt}.
(fancyhdr)                You might also make \topmargin smaller:
(fancyhdr)                \addtolength{\topmargin}{-20.84816pt}.

[10 <./temp/images/panel_0177-0000.png> <./temp/images/panel_0177-0016.png> <./
temp/images/panel_0177-0020.png> <./temp/images/panel_0183-0016.png> <./temp/im
ages/panel_0189-0000.png> <./temp/images/panel_0189-0016.png> <./temp/images/pa
nel_0189-0020.png> <./temp/images/panel_0195-0016.png>]
<temp/images/panel_0201-0000.png, id=167, 1284.8pt x 406.51875pt>
File: temp/images/panel_0201-0000.png Graphic file (type png)
<use temp/images/panel_0201-0000.png>
Package pdftex.def Info: temp/images/panel_0201-0000.png  used on input line 21
4.
(pdftex.def)             Requested size: 479.99521pt x 152.99622pt.
<temp/images/panel_0201-0016.png, id=168, 321.2pt x 135.50626pt>
File: temp/images/panel_0201-0016.png Graphic file (type png)
<use temp/images/panel_0201-0016.png>
Package pdftex.def Info: temp/images/panel_0201-0016.png  used on input line 21
5.
(pdftex.def)             Requested size: 119.9988pt x 50.99873pt.
<temp/images/panel_0201-0020.png, id=169, 321.2pt x 135.50626pt>
File: temp/images/panel_0201-0020.png Graphic file (type png)
<use temp/images/panel_0201-0020.png>
Package pdftex.def Info: temp/images/panel_0201-0020.png  used on input line 21
6.
(pdftex.def)             Requested size: 119.9988pt x 50.99873pt.
<temp/images/panel_0204-0016.png, id=170, 642.4pt x 271.0125pt>
File: temp/images/panel_0204-0016.png Graphic file (type png)
<use temp/images/panel_0204-0016.png>
Package pdftex.def Info: temp/images/panel_0204-0016.png  used on input line 21
7.
(pdftex.def)             Requested size: 239.9976pt x 101.99747pt.
<temp/images/panel_0210-0000.png, id=171, 1284.8pt x 406.51875pt>
File: temp/images/panel_0210-0000.png Graphic file (type png)
<use temp/images/panel_0210-0000.png>
Package pdftex.def Info: temp/images/panel_0210-0000.png  used on input line 21
8.
(pdftex.def)             Requested size: 479.99521pt x 152.99622pt.
<temp/images/panel_0210-0016.png, id=172, 321.2pt x 135.50626pt>
File: temp/images/panel_0210-0016.png Graphic file (type png)
<use temp/images/panel_0210-0016.png>
Package pdftex.def Info: temp/images/panel_0210-0016.png  used on input line 21
9.
(pdftex.def)             Requested size: 119.9988pt x 50.99873pt.
<temp/images/panel_0210-0020.png, id=173, 321.2pt x 135.50626pt>
File: temp/images/panel_0210-0020.png Graphic file (type png)
<use temp/images/panel_0210-0020.png>
Package pdftex.def Info: temp/images/panel_0210-0020.png  used on input line 22
0.
(pdftex.def)             Requested size: 119.9988pt x 50.99873pt.
<temp/images/panel_0213-0016.png, id=174, 642.4pt x 271.0125pt>
File: temp/images/panel_0213-0016.png Graphic file (type png)
<use temp/images/panel_0213-0016.png>
Package pdftex.def Info: temp/images/panel_0213-0016.png  used on input line 22
1.
(pdftex.def)             Requested size: 239.9976pt x 101.99747pt.



Package fancyhdr Warning: \headheight is too small (12.0pt): 
(fancyhdr)                Make it at least 32.84816pt, for example:
(fancyhdr)                \setlength{\headheight}{32.84816pt}.
(fancyhdr)                You might also make \topmargin smaller:
(fancyhdr)                \addtolength{\topmargin}{-20.84816pt}.

[11 <./temp/images/panel_0201-0000.png> <./temp/images/panel_0201-0016.png> <./
temp/images/panel_0201-0020.png> <./temp/images/panel_0204-0016.png> <./temp/im
ages/panel_0210-0000.png> <./temp/images/panel_0210-0016.png> <./temp/images/pa
nel_0210-0020.png> <./temp/images/panel_0213-0016.png>]

enddocument/afterlastpage (AED): lastpage setting LastPage.
(reports/lime-kiln-overview.aux)
 ***********
LaTeX2e <2024-11-01> patch level 2
L3 programming layer <2025-01-18>
 ***********


LaTeX Font Warning: Some font shapes were not available, defaults substituted.

Package rerunfilecheck Info: File `lime-kiln-overview.out' has not changed.
(rerunfilecheck)             Checksum: 67EFE5B8C593C8412AB3DE6DEF2CE4E0;695.
 ) 
Here is how much of TeX's memory you used:
 11266 strings out of 475129
 193353 string characters out of 5764574
 568266 words of memory out of 5000000
 34132 multiletter control sequences out of 15000+600000
 567837 words of font info for 44 fonts, out of 8000000 for 9000
 36 hyphenation exceptions out of 8191
 75i,12n,79p,243b,466s stack positions out of 10000i,1000n,20000p,200000b,200000s
</usr/local/texlive/2024/texmf-dist/fonts/type1/google/roboto/Roboto-Bold.pfb
></usr/local/texlive/2024/texmf-dist/fonts/type1/google/roboto/Roboto-Regular.p
fb></usr/local/texlive/2024/texmf-dist/fonts/type1/public/amsfonts/cm/cmsy9.pfb
>
Output written on reports/lime-kiln-overview.pdf (11 pages, 1474702 bytes).
PDF statistics:
 202 PDF objects out of 1000 (max. 8388607)
 99 compressed objects within 1 object stream
 20 named destinations out of 1000 (max. 500000)
 480 words of extra memory for PDF output out of 10000 (max. 10000000)

